54237
55578
54249
54260
55591
55597
60070
59082
72058
72059
72056
72057
72054
72055
72052
72053
72050
72051
60079
60078
60077
60076
60075
60073
60072
60071
60081
60080
72069
72067
72068
72065
72066
72063
72064
72061
72062
72060
60089
60088
60087
60086
60085
60084
60083
60082
60092
60091
60090
72078
72079
72076
72077
72074
72075
72072
72073
72070
72071
60099
60098
60097
60096
60095
60094
60093
72089
72087
72088
72085
72086
72083
72084
72081
72082
72080
72098
72099
72096
72097
72094
72095
72092
72093
72090
72091
56875
54218
60009
60008
60007
60006
60005
60004
60003
60002
60001
60000
59023
60019
60018
60017
60016
60015
60014
60013
60012
60011
60010
72009
72007
72008
72005
72006
72003
72004
72001
72002
72000
60029
60028
60027
60026
60025
60024
60023
60022
60021
60020
72018
72019
72016
72017
72014
72015
72012
72013
72010
59046
72011
60039
60038
60037
60036
60035
60034
60033
60032
60031
60030
72029
72027
72028
72025
72026
72023
72024
72021
72022
72020
60048
60047
60046
60045
60044
60043
60042
60041
60040
72038
72039
72036
72037
72034
72035
72032
72033
72030
72031
59065
60059
60058
60057
60056
60055
60054
60053
60052
60051
60050
72049
72047
72048
72045
72046
72043
72044
72041
72042
72040
60069
60068
60067
60066
60065
60064
60063
60062
60061
60060
54353
54363
54371
60191
60190
60199
60198
60196
60195
60194
60193
60192
56951
56964
56975
56994
54339
54338
54337
54342
54347
54346
60109
60119
60118
60117
60116
59126
60115
60114
60112
60111
60110
72104
72105
72102
72103
72100
72101
59134
59131
60129
60128
60127
60126
60125
60124
60123
60121
60120
60139
60138
60136
60134
60133
60131
60130
60149
60148
60147
60146
60145
60144
60143
60140
60159
60158
60157
60156
60155
60154
60153
60152
60151
60150
60169
60168
60167
60166
60165
60164
60163
60161
60160
60179
60178
60177
60176
60175
60174
60173
60172
60171
60170
60180
60189
60188
60187
60186
60185
60184
60183
60182
60181
50745
59109
50774
50775
60108
60107
60106
60105
60104
60103
60102
60101
60100
54471
54497
50936
54401
54423
54433
54449
54453
59242
60239
60237
60236
60235
59249
60234
60233
60232
60231
60230
60249
60248
60247
60246
60245
60244
60243
60242
60241
60240
59265
60259
60258
60257
60256
60255
60254
60253
60252
60251
60250
59278
60269
60268
60267
60266
60265
60264
60263
60262
60261
60260
59280
59287
59289
59288
60279
60278
60277
60276
60275
60274
60273
60272
60271
60270
59297
59293
60289
60288
60287
60286
60285
60284
60283
60281
60280
60290
60299
60298
60297
60296
60295
60294
60293
60292
60291
50842
50853
50873
59211
60207
60206
60205
60204
60202
50884
60209
60208
60218
60217
60216
60215
60214
60213
60212
60211
60210
60219
60229
60228
60227
60226
60225
60224
60223
60222
60221
60220
71082
54511
54515
71099
71098
71096
71091
71092
54527
54534
60359
60358
60357
60356
60355
60353
60352
60350
71016
71013
58044
71011
60369
60368
60367
60366
60365
60364
60363
60362
60361
60360
60379
60377
60376
60374
60373
60372
60371
60370
71037
71038
71036
71031
71030
60389
60388
60387
60386
60385
60384
60383
60382
60381
60380
71048
71044
71045
60399
60398
60397
60396
60395
60394
60393
60391
71055
71056
71050
71067
71065
71063
71079
71077
71076
71073
71074
71071
71072
50949
50953
50973
50978
59316
60305
60304
60303
60302
59312
60301
59315
60300
60309
60308
60307
60317
60316
60315
60314
60313
60312
60311
60310
60319
60318
60328
60327
60326
60325
60324
60322
58005
60321
60320
60329
60339
60338
60337
60336
60335
60334
60333
60331
60330
58024
60349
60348
60347
60346
60345
60344
58027
60343
60342
60341
60340
59501
60504
60503
60502
60501
60500
54662
71129
71127
71128
71125
71126
71123
59485
71121
71122
71120
58151
60479
60478
59488
60477
60476
60475
60474
60473
60472
60471
60470
71130
59493
60489
60488
60487
60485
60484
60483
60482
60481
60480
71149
71147
71148
71146
71143
71144
71141
71142
60499
60498
60497
60496
60495
60493
60492
60491
60490
71158
71159
71156
71157
71154
71155
71152
71153
71150
71151
71169
71167
71168
71163
71164
71161
71160
71178
71179
71177
71174
71175
71173
71170
71171
54602
71189
71187
71188
71185
71186
71183
71184
54616
71198
71199
71196
71194
71195
71191
60405
60404
60402
60401
60400
60409
60408
60407
60406
60416
60415
60414
60413
60412
60411
59425
60410
59431
60419
60418
60417
60427
60426
60425
60424
60423
58102
60422
60421
60420
60429
60428
60438
60437
60436
60435
60434
60433
58116
60432
60431
60430
58122
59453
60439
60449
60448
60447
60446
60445
60444
60443
60442
60441
60440
71107
71108
71105
71106
71104
71101
71102
58131
60459
60458
60457
60456
60455
60454
60453
60452
60451
60450
71118
71119
71117
71114
71115
71112
71113
71110
59473
71111
58141
59471
60469
60468
60467
60466
60464
60463
60462
60461
60460
71109
60603
60602
60601
60600
60608
60607
60606
60605
60604
60614
60613
60612
60611
60610
60619
60618
60617
60616
60615
60625
59635
60624
60623
60622
59632
60621
60620
54765
54774
53446
53463
53487
71248
71249
71246
71247
71244
71245
71242
71243
71241
60599
60598
60597
60596
60595
60594
60593
60592
60591
60590
71259
71257
71258
71255
71256
71253
71254
71251
71252
71250
71268
71269
71266
71267
71264
71265
71262
71263
71260
71261
71279
71277
71278
71275
71276
71273
71274
71271
71272
71270
54702
71288
71289
71286
71287
71284
71285
71282
71283
71280
71281
54714
71299
71297
71298
71295
71296
71293
71294
71291
71292
54736
54734
60509
60508
60507
60506
60505
60515
60514
60513
60512
60511
60510
60519
60518
60517
60516
60526
60525
60524
60523
60522
60521
60520
58203
60529
60528
60527
60537
60536
60535
60534
60533
60532
60531
60530
58221
60539
60538
60548
60547
60546
60545
58224
60544
60543
59554
60542
60541
60540
71206
71204
71205
71203
60549
60559
58238
60558
60557
60556
60555
60554
60553
58236
60552
60551
60550
71217
71218
71216
71213
71214
71211
71212
71210
60569
60568
60567
58246
60566
58245
60565
58248
60564
60563
60562
60561
60560
71208
71209
71228
71229
71224
71225
71222
71223
71220
71221
60579
60578
60577
60576
58259
60575
60574
60573
60572
60571
60570
71219
71239
71237
71238
71235
71236
71233
71234
71231
71232
71230
60589
60588
60587
60586
60585
60584
60583
60582
60581
60580
60702
60701
60700
60709
60708
60707
60706
60705
60704
60703
60713
60712
60711
60710
60719
60718
60717
60716
60715
60714
60724
60723
60722
60721
60720
58407
60729
60728
60727
60726
60725
60735
60734
60733
60732
60731
60730
60739
60738
60737
60736
60746
60745
60744
58427
59758
60743
60742
60741
58424
60740
58429
53578
70039
70038
71369
71367
70034
71368
70037
71365
71366
71363
70030
71364
71361
70032
71362
71360
70049
70046
71378
70045
71379
71376
70047
71377
70042
71374
70041
71375
70044
71372
71373
71370
71371
57073
54806
70057
71389
70056
70059
71387
70058
71388
70053
71385
70052
71386
70055
71383
57089
70054
71384
71381
57083
71382
70051
70050
71380
57091
70068
70067
71398
70069
71399
71396
70064
71397
70063
71394
70066
71395
70065
70060
71392
71393
71390
70061
71391
54823
54828
54827
70079
70078
70075
70074
70077
70076
70070
70073
70072
54830
70089
70086
70085
70088
70087
70082
70081
70084
70083
70080
53512
54843
53518
70097
70096
70098
70092
70095
70094
70091
70090
54857
45011
45007
52203
60629
60628
60627
60626
60636
60635
60634
60633
60632
58311
60631
60630
59644
58321
60639
60638
60637
59658
60647
58326
60646
60645
59659
60644
60643
60642
60641
60640
71305
71306
71303
71304
71301
71302
71300
59663
60649
60648
57006
60658
60657
60656
60655
58334
60654
60653
58336
60652
60651
71316
71317
71314
71315
71312
71313
71310
71311
58343
60659
60669
60668
60667
60665
60664
60663
57016
60662
60661
60660
71309
71307
71308
71327
71328
71325
71326
71323
71324
71321
71322
71320
58354
60679
60678
60676
60675
60674
58357
60673
60672
60671
60670
71318
71319
70006
71338
70005
71339
70008
71336
70007
71337
70002
71334
70001
71335
70004
71332
70003
71333
71330
58362
71331
70000
60689
60688
60687
57036
60686
60685
60684
60683
60682
60681
60680
71329
70017
71349
70016
70019
71347
70018
71348
71345
71346
71343
71344
71341
71342
57045
70010
71340
60699
60698
60697
57048
60696
60695
60694
60693
60692
60691
60690
70009
70028
70027
71358
70029
71359
70024
71356
70023
71357
70025
71355
70020
71353
70022
71350
70021
57051
60801
60800
60809
60808
60807
60806
60805
60804
60803
60802
60812
60811
60810
60819
60818
60817
60816
60815
60814
60813
60823
58502
60822
60821
60820
59838
60829
60828
60827
60826
60825
60824
59845
60833
59847
60832
60831
60830
59843
59842
59849
59848
60839
60838
60837
60836
60835
59856
60845
59855
60844
58527
60843
60842
60841
59851
59854
71503
71504
71501
71502
71500
60849
60848
60847
60846
60856
60855
57206
60854
60853
60852
60851
60850
71514
71515
71512
71513
71510
71511
60859
60858
60857
60867
60866
58549
60865
60864
60863
60862
60861
60860
71509
71507
71508
71505
71506
53674
53698
51076
70159
54906
70156
71488
70155
71489
70158
71486
70157
71487
70152
71484
57186
71485
70154
71482
70153
71483
71480
71481
70150
54915
70167
71499
70166
70169
71497
71498
70163
71495
70162
71496
70165
71493
70164
71494
71491
71492
70161
57195
70160
71490
70178
70177
70179
70174
70173
70176
70175
70170
70172
70171
54938
70189
70188
70185
70184
70187
70186
70181
70180
70183
70182
54945
53614
53612
70199
70196
70195
70198
70197
70192
70191
70194
70193
70190
53646
71404
71405
71402
71403
71400
71401
60748
60747
60757
60756
60755
60754
58433
60753
60752
60751
60750
71415
71416
71413
71414
71411
71412
71410
60759
60758
60768
60767
60766
60765
60764
60763
60761
60760
71408
71409
71406
71407
71426
71427
71424
71425
71422
71423
71420
71421
58450
58453
58452
60769
57127
60779
60778
60777
60775
60774
58457
60773
60772
60771
60770
71419
71417
71418
70105
71437
70104
71438
70107
71435
70106
71436
70101
71433
71434
70103
71431
70102
71432
71430
60789
60788
58465
60785
60784
60783
60782
60781
60780
71428
71429
70116
71448
70115
71449
71446
70118
70117
71447
71444
70112
71445
70111
70114
71442
70113
71443
71440
71441
70110
60799
60798
58477
60797
60796
60795
60794
60793
60792
60791
60790
70109
70108
71439
70127
71459
70126
70129
71457
70128
71458
70123
71455
70122
71456
70125
71453
70124
71454
71451
71452
70121
70120
71450
70119
70138
70137
71468
70139
71469
70134
71466
70133
71467
70136
71464
70135
71465
70130
71462
71463
70132
71460
70131
71461
70149
70148
71479
70145
71477
70144
71478
70147
71475
70146
71476
70141
71473
70140
71474
70143
71471
70142
71472
71470
57178
54900
60909
60908
60907
60906
60905
60904
60903
60902
60901
60911
60910
60919
60918
60917
60916
60915
60914
60913
60912
60922
60921
60920
58606
60929
60928
60927
60926
60925
60924
60923
60933
60932
60931
59945
60930
59940
59948
58617
60939
60938
60937
60936
60935
60934
60944
59954
60943
60942
60941
59951
60940
58627
71602
71603
71600
71601
60949
60948
60947
60946
60945
60955
60954
58637
60953
60952
60951
60950
58633
71613
71614
71611
71612
71610
60958
60957
60956
58646
60966
60965
60964
60963
60962
60961
60960
57313
71608
71609
71606
71607
71604
71605
71624
71625
71622
71623
71620
71621
58651
59981
60969
60968
60967
60977
60976
58659
60975
57328
60974
60973
60972
60971
60970
71619
71617
71618
71615
71616
71635
70303
71636
70302
71633
70305
71634
70304
71631
71632
70301
71630
70300
60979
60978
60988
60987
60985
60984
60983
60982
60981
60980
71628
71629
71626
71627
53782
51133
53798
60900
70277
70276
70279
70278
70273
70272
70275
70274
70271
70270
53704
70288
70287
70289
70284
70283
70286
70285
70280
70282
70281
70299
70298
70295
70294
70297
70296
70291
70293
70292
53772
71525
71526
71523
71524
71521
71522
71520
60869
60868
60878
60877
60876
60875
60874
60873
60872
60871
60870
71518
71519
71516
71517
70204
71536
70203
71537
70206
71534
70205
71535
71532
70200
71533
70202
71530
70201
71531
60879
60889
60888
60887
60886
60885
60884
60883
60882
60881
60880
71529
71527
71528
70215
71547
70214
71548
70217
71545
70216
71546
70211
71543
70210
71544
70213
71541
70212
71542
71540
60899
60898
60897
60896
57245
60895
60894
60893
60892
60891
60890
70208
70207
71538
70209
71539
71558
70225
71559
70228
71556
70227
71557
70222
71554
70221
71555
71552
70223
71553
71550
57252
71551
70220
70219
70218
71549
70237
71569
70236
70239
71567
70238
71568
70233
71565
70232
71566
70235
71563
70234
71564
71561
71562
70231
70230
71560
70229
70248
71578
70249
71579
70244
71576
70243
71577
70246
71574
70245
71575
70240
71572
71573
70242
71570
70241
71571
57278
70259
70258
71589
70255
71587
70254
71588
70257
71585
70256
71586
70251
71583
70250
71584
70253
71581
70252
71582
71580
70269
57290
70266
71598
70265
71599
70268
71596
70267
71597
70262
71594
70261
71595
57297
70264
71592
71593
71590
71591
70260
71701
71702
71700
57405
71712
71713
71710
71711
57415
57411
71709
71707
71708
71705
71706
71703
71704
71723
71724
71721
71722
71720
71718
71719
71716
71717
71714
71715
71734
70402
71735
70401
71732
70404
71733
70403
71730
71731
70400
71729
71727
71728
71725
71726
70413
71745
70412
71746
70415
71743
70414
71744
71741
71742
70411
70410
71740
57447
70409
71738
70406
71739
70405
71736
70408
71737
70407
71756
70424
71757
70423
71754
70426
71755
70425
71752
70420
71753
71750
70422
71751
70421
71749
70417
70416
70419
71747
71748
70418
51243
53817
70398
70397
70399
70394
70393
70396
70395
70390
70392
70391
53845
52533
53868
53882
53892
51238
53898
70314
71646
70313
71647
70316
71644
70315
71645
70310
71642
71643
70312
71640
70311
71641
60989
60999
60998
60997
60996
60995
60994
60993
60992
60991
60990
70307
71639
70306
70309
71637
70308
71638
70325
71657
70324
71658
70327
71655
70326
71656
70321
71653
70320
71654
71651
70322
71652
71650
70318
71648
70319
71649
71668
70335
71669
71666
70337
71667
70332
71664
70331
71665
70334
71662
70333
71663
71660
57362
71661
70330
70329
70328
71659
70347
71679
70346
70349
71677
70348
71678
70343
71675
70342
71676
70345
71673
70344
71674
71671
71672
70341
70340
71670
57377
70339
70358
70357
71688
70359
71689
70354
71686
70353
71687
70356
71684
70355
71685
70350
71682
71683
70352
71680
70351
71681
57381
70369
70368
71699
70365
71697
70364
71698
71695
70366
71696
70361
71693
70360
71694
70363
71691
70362
71692
71690
70379
70376
70375
70378
70377
70372
70371
70374
70373
70370
56080
70387
70386
70389
70388
70383
70382
70385
70384
70381
70380
71800
71801
58834
57504
71811
71812
71810
58846
71808
71809
71806
71807
71804
57516
58847
71805
71802
71803
71822
71823
71820
71821
71819
71817
71818
71815
71816
71813
71814
71833
70501
71834
70500
71831
70503
71832
71830
71828
71829
71826
71827
71824
71825
71844
71845
70511
71842
71843
70513
71840
71841
70509
70508
71839
71837
71838
71835
70507
71836
70506
70523
71855
70522
71856
70525
71853
71854
71851
71852
70521
71850
57558
70519
71848
70516
71849
70515
71846
70518
71847
70534
71866
70533
71867
70536
71864
70535
71865
71862
71863
70532
71860
71861
70527
71859
70529
71857
70528
71858
71877
70545
71878
71875
71876
71873
70541
71874
70540
71871
71872
70542
71870
70537
71868
70539
71869
51368
58828
53947
53959
53976
53978
52652
53982
53986
53990
52675
52679
51356
71767
70435
71768
70434
71765
70437
71766
70436
71763
70431
71764
71761
71762
57461
71760
56137
70428
70427
71758
71759
70429
71778
70446
71779
70445
71776
70448
71777
70447
71774
70442
71775
70441
71772
70444
71773
70443
71770
71771
70440
57475
57476
56146
70439
70438
71769
71789
70457
70456
71787
71788
70458
71785
71786
70452
71783
70455
71784
70454
57482
71781
57483
71782
70451
57485
71780
70450
70449
70468
70467
71798
71799
70469
71796
70464
71797
70463
71794
70466
71795
70465
71792
70460
57494
71793
71790
70462
57496
71791
70461
57498
70479
70478
70475
70477
70476
70471
70470
70473
70472
56171
70489
70486
70485
70488
70487
70482
70481
70484
70483
70480
53915
70497
70496
70499
70498
70493
56196
70495
56198
70494
70491
70490
53923
71921
71922
71920
71918
71919
71916
71917
71914
71915
71912
71913
71932
70600
71933
71930
70602
71931
70601
71929
71927
71928
71925
71926
71923
71924
71943
70611
71944
70610
71941
70613
71942
70612
71940
56312
70607
71938
71939
70609
71936
70604
71937
70603
71934
70606
71935
70605
71954
70622
71955
70621
71952
70624
71953
70623
71950
71951
70620
70619
70618
71949
71947
70615
71948
70614
71945
70617
71946
70616
71965
70633
71966
70632
71963
70635
71964
70634
71961
71962
70631
71960
70630
57662
70629
71958
70626
71959
70625
71956
70628
71957
70627
71976
70644
71977
70643
71974
70646
71975
70645
71972
70640
71973
71970
70642
71971
70641
57674
71969
70637
70636
71967
70639
71968
70638
70655
71987
70654
71988
70657
71985
70656
71986
71983
70651
71984
70650
71981
70653
71982
70652
71980
57687
70648
70647
71978
71979
70649
70666
71998
70665
71999
70668
71996
70667
71997
70662
71994
70661
71995
70664
71992
70663
71993
71990
71991
70660
70659
70658
71989
58927
71900
57602
71910
71911
71909
71907
71908
71905
71906
71903
58946
71904
71901
71902
51431
51463
71888
71889
70555
71886
70558
71887
70557
70552
71884
71885
70551
71882
70554
71883
70553
71880
71881
70550
57584
70548
71879
71899
70567
70566
71897
70569
71898
70568
71895
70563
71896
70562
71893
70565
71894
70564
71891
71892
70561
71890
70560
57590
70559
70577
70579
70574
70573
70576
70575
70570
70572
70571
70589
70588
70585
70584
70587
70586
70581
70580
70583
70582
56287
70599
70596
70595
70598
70597
56294
70592
70591
70594
70593
70590
56298
70710
70712
70711
57741
70707
70706
70709
70708
70703
70702
57749
70705
70704
70721
70720
70723
70722
70718
70717
70719
70714
70713
70716
70715
70732
70731
70734
70733
70730
57766
57763
70729
70728
70725
70724
70727
70726
70743
70742
70745
70744
70741
70740
57773
70739
70736
70735
70738
70737
70754
70753
70756
70755
70750
70752
70751
57780
57786
70747
70746
70749
70748
70765
70764
70767
70766
70761
70760
70763
57793
57799
57796
70758
70757
70776
70775
70778
70777
70771
70774
70773
70770
70769
70768
70787
70789
70783
70782
70785
70784
57707
57713
70701
70700
52866
52875
52889
52896
51573
70677
70676
70679
70678
70673
70672
70675
70674
70671
70670
70669
70688
70687
70689
70683
70686
70685
70680
70682
70681
56386
70699
70698
70695
70694
70697
70691
70690
70693
56396
70692
56391
70831
70830
70833
57865
70828
70827
70829
70824
70826
70825
70842
70841
70844
70843
70840
57872
70839
70838
70835
70834
70837
70836
70853
70852
70855
70851
70850
70849
70846
70845
70847
70864
70863
70866
70865
70860
70861
70857
70856
70859
70858
70875
70874
70877
70876
70871
70870
70873
70872
70868
70867
70869
70886
70885
70888
70887
70882
70881
70884
70883
70880
56586
70879
70878
70897
70896
70899
70898
70893
70892
70895
70894
70891
70890
70889
61049
61048
61047
61046
61045
61044
61043
61042
61041
61040
61059
61058
61057
61056
61055
61054
61053
61052
61051
61050
61060
61069
57806
61068
61067
61066
61065
61064
61063
61062
61061
61071
61070
61079
61078
61077
61076
61075
61074
61073
57816
61072
61082
61081
61080
61089
61088
61087
61086
57825
61085
61084
57827
61083
61093
61092
61091
70800
61090
61095
61094
70811
70810
70809
70806
70805
70808
70802
70801
70804
70803
70820
70822
70821
70817
70816
70819
70818
70813
70812
70815
52984
51656
52995
61009
61008
61007
61006
61005
61004
61003
61002
61001
61000
61019
61018
61016
61015
61014
61013
61012
61011
61010
61029
61028
61027
61026
61025
61024
61023
61022
61021
61020
61039
61038
61037
61036
61035
61034
61033
61032
61031
61030
70797
70799
70794
70793
70796
70795
56492
70790
70792
70791
51628
70952
70951
70953
70950
56651
70949
70948
70945
70944
70946
70965
70964
70961
70960
56666
57993
70959
70958
70966
70969
70983
70991
56693
70910
70909
70908
70905
70904
70906
70901
70900
70903
70902
70921
70920
70919
70916
70918
70917
70912
57957
70914
70913
70932
70931
70927
70929
70922
70925
70924
70943
70942
57972
70937
70939
70936
70935
50442
50468
51704
51709
51730
56778
56783
54135
54157
54161
54172
56748
56751
55437
56768
54094
51828